[16:59:27] [ServerMain/INFO]: Environment: Environment[sessionHost=https://sessionserver.mojang.com, servicesHost=https://api.minecraftservices.com, name=PROD]
[16:59:29] [ServerMain/INFO]: Loaded 7 recipes
[16:59:29] [ServerMain/INFO]: Loaded 1271 advancements
[16:59:29] [Server thread/INFO]: Starting minecraft server version 1.20.4
[16:59:29] [Server thread/INFO]: Loading properties
[16:59:29] [Server thread/INFO]: Default game type: SURVIVAL
[16:59:29] [Server thread/INFO]: Generating keypair
[16:59:29] [Server thread/INFO]: Starting Minecraft server on *:25565
[16:59:29] [Server thread/INFO]: Using epoll channel type
[16:59:30] [Server thread/WARN]: **** SERVER IS RUNNING IN OFFLINE/INSECURE MODE!
[16:59:30] [Server thread/WARN]: The server will make no attempt to authenticate usernames. Beware.
[16:59:30] [Server thread/WARN]: While this makes the game possible to play without internet access, it also opens up the ability for hackers to connect with any username they choose.
[16:59:30] [Server thread/WARN]: To change this, set "online-mode" to "true" in the server.properties file.
[16:59:30] [Server thread/INFO]: Preparing level "world"
[16:59:32] [Server thread/INFO]: Preparing start region for dimension minecraft:overworld
[16:59:36] [Worker-Main-1/INFO]: Preparing spawn area: 0%
[16:59:36] [Worker-Main-2/INFO]: Preparing spawn area: 0%
[16:59:36] [Worker-Main-1/INFO]: Preparing spawn area: 0%
[16:59:36] [Worker-Main-3/INFO]: Preparing spawn area: 0%
[16:59:36] [Worker-Main-3/INFO]: Preparing spawn area: 0%
[16:59:36] [Worker-Main-3/INFO]: Preparing spawn area: 0%
[16:59:36] [Worker-Main-2/INFO]: Preparing spawn area: 0%
[16:59:36] [Worker-Main-3/INFO]: Preparing spawn area: 0%
[16:59:36] [Worker-Main-2/INFO]: Preparing spawn area: 0%
[16:59:37] [Worker-Main-1/INFO]: Preparing spawn area: 39%
[16:59:37] [Server thread/INFO]: Time elapsed: 4874 ms
[16:59:37] [Server thread/INFO]: Done (7.474s)! For help, type "help"
